<?xml version="1.0" encoding="UTF-8"?>
<!-- Generated by org.testng.reporters.JUnitReportReporter -->
<testsuite skipped="0" hostname="DESKTOP-FRUG7U6" name="test.CartTest" tests="2" failures="0" timestamp="05 Apr 2020 14:24:02 GMT" time="20.273" errors="0">
  <testcase name="cartTest" time="15.064" classname="test.CartTest"/>
  <testcase name="emptyCartTest" time="5.209" classname="test.CartTest"/>
</testsuite> <!-- test.CartTest -->
