<?xml version="1.0" encoding="UTF-8"?>
<!-- Generated by org.testng.reporters.JUnitReportReporter -->
<testsuite skipped="0" hostname="DESKTOP-FRUG7U6" name="test.DomaciTest" tests="1" failures="0" timestamp="21 Mar 2020 17:28:49 GMT" time="18.547" errors="0">
  <testcase name="searchTest" time="18.547" classname="test.DomaciTest"/>
</testsuite> <!-- test.DomaciTest -->
