<?xml version="1.0" encoding="UTF-8"?>
<!-- Generated by org.testng.reporters.JUnitReportReporter -->
<testsuite skipped="0" hostname="DESKTOP-FRUG7U6" name="zadatak2.UtorakUlancavanje" tests="1" failures="0" timestamp="17 Mar 2020 19:50:41 GMT" time="29.132" errors="0">
  <testcase name="rowCatch" time="29.132" classname="zadatak2.UtorakUlancavanje"/>
</testsuite> <!-- zadatak2.UtorakUlancavanje -->
