<?xml version="1.0" encoding="UTF-8"?>
<!-- Generated by org.testng.reporters.JUnitReportReporter -->
<testsuite skipped="0" hostname="DESKTOP-FRUG7U6" name="test.SignInTest" tests="2" failures="0" timestamp="05 Apr 2020 14:24:03 GMT" time="151.267" errors="0">
  <testcase name="signInTest" time="114.398" classname="test.SignInTest"/>
  <testcase name="signInWithWrongPasswordTest" time="36.869" classname="test.SignInTest"/>
</testsuite> <!-- test.SignInTest -->
