<?xml version="1.0" encoding="UTF-8"?>
<!-- Generated by org.testng.reporters.JUnitReportReporter -->
<testsuite skipped="0" hostname="DESKTOP-FRUG7U6" name="test.PetStoreMenuTest" tests="3" failures="0" timestamp="05 Apr 2020 14:24:03 GMT" time="27.129" errors="0">
  <testcase name="clickOnLinks" time="15.931" classname="test.PetStoreMenuTest"/>
  <testcase name="clickOnSignIn" time="2.346" classname="test.PetStoreMenuTest"/>
  <testcase name="allValidLinks" time="8.852" classname="test.PetStoreMenuTest"/>
</testsuite> <!-- test.PetStoreMenuTest -->
