<?xml version="1.0" encoding="UTF-8"?>
<!-- Generated by org.testng.reporters.JUnitReportReporter -->
<testsuite skipped="0" hostname="DESKTOP-FRUG7U6" name="domaciPetak.Domaci1" tests="1" failures="0" timestamp="17 Mar 2020 22:04:23 GMT" time="12.311" errors="0">
  <testcase name="titleTest" time="12.311" classname="domaciPetak.Domaci1"/>
</testsuite> <!-- domaciPetak.Domaci1 -->
