<?xml version="1.0" encoding="UTF-8"?>
<!-- Generated by org.testng.reporters.JUnitReportReporter -->
<testsuite skipped="0" hostname="DESKTOP-FRUG7U6" name="domaciPetak.Domaci2" tests="1" failures="0" timestamp="18 Mar 2020 00:17:51 GMT" time="23.769" errors="0">
  <testcase name="titleTest" time="23.769" classname="domaciPetak.Domaci2"/>
</testsuite> <!-- domaciPetak.Domaci2 -->
