<?xml version="1.0" encoding="UTF-8"?>
<!-- Generated by org.testng.reporters.JUnitReportReporter -->
<testsuite skipped="0" hostname="DESKTOP-FRUG7U6" name="test.HomePageTest" tests="1" failures="0" timestamp="05 Apr 2020 14:24:03 GMT" time="12.724" errors="0">
  <testcase name="enterTest" time="12.724" classname="test.HomePageTest"/>
</testsuite> <!-- test.HomePageTest -->
